<?xml version="1.0" encoding="UTF-8"?>
<!-- Generated by org.testng.reporters.JUnitXMLReporter -->
<testsuite hostname="ArpitaPC" ignored="0" name="Loan" tests="5" failures="0" timestamp="2020-02-16T00:27:41 IST" time="0.029" errors="0">
  <testcase name="BikeLoan" time="0.001" classname="Demo.Day3"/>
  <testcase name="BikeLoanApi" time="0.003" classname="Demo.Day3"/>
  <testcase name="BikeLoanWeb" time="0.002" classname="Demo.Day3"/>
  <testcase name="ApiCarLoan" time="0.002" classname="Demo.Day4"/>
  <testcase name="WebCarLoan" time="0.005" classname="Demo.Day4"/>
</testsuite> <!-- Loan -->
