<?xml version="1.0" encoding="UTF-8"?>
<!-- Generated by org.testng.reporters.JUnitXMLReporter -->
<testsuite hostname="ArpitaPC" ignored="0" name="Test" tests="4" failures="2" timestamp="2020-02-16T01:07:37 IST" time="8.254" errors="0">
  <testcase name="m1" time="8.191" classname="Demo.Day1">
    <failure type="java.lang.NullPointerException">
      <![CDATA[java.lang.NullPointerException
at Demo.Day1.m1(Day1.java:30)
at java.util.ArrayList.forEach(Unknown Source)
... Removed 27 stack frames]]>
    </failure>
  </testcase> <!-- m1 -->
  <testcase name="m2" time="0.007" classname="Demo.Day1">
    <failure type="java.lang.AssertionError" message="did not expect to find [true] but found [false]">
      <![CDATA[java.lang.AssertionError: did not expect to find [true] but found [false]
at Demo.Day1.m2(Day1.java:40)
at java.util.ArrayList.forEach(Unknown Source)
... Removed 31 stack frames]]>
    </failure>
  </testcase> <!-- m2 -->
  <testcase name="m5" time="0.004" classname="Demo.Day1"/>
  <testcase name="m6" time="0.002" classname="Demo.Day1"/>
</testsuite> <!-- Test -->
